<?xml version="1.0" encoding="UTF-8"?>
<testsuite name="com.wiki.tests.SearchTests1" tests="2" skipped="0" failures="0" errors="0" timestamp="2019-10-06T13:05:11" hostname="DESKTOP-UMTPGLA" time="4.753">
  <properties/>
  <testcase name="searchWikiTestQA" classname="com.wiki.tests.SearchTests1" time="1.657"/>
  <testcase name="searchWikiTestJava" classname="com.wiki.tests.SearchTests1" time="3.094"/>
  <system-out><![CDATA[]]></system-out>
  <system-err><![CDATA[]]></system-err>
</testsuite>
