<?xml version="1.0" encoding="UTF-8"?>
<testsuite name="SearchTests" tests="2" skipped="0" failures="0" errors="0" timestamp="2019-08-25T23:00:58" hostname="DESKTOP-UMTPGLA" time="3.23">
  <properties/>
  <testcase name="searchWikiTestJava" classname="SearchTests" time="1.948"/>
  <testcase name="searchWikiTestQA" classname="SearchTests" time="1.275"/>
  <system-out><![CDATA[]]></system-out>
  <system-err><![CDATA[Starting ChromeDriver 76.0.3809.126 (d80a294506b4c9d18015e755cee48f953ddc3f2f-refs/branch-heads/3809@{#1024}) on port 32250
Only local connections are allowed.
Please protect ports used by ChromeDriver and related test frameworks to prevent access by malicious code.
[1566774054.795][WARNING]: Timed out connecting to Chrome, retrying...
Aug 26, 2019 2:00:56 AM org.openqa.selenium.remote.ProtocolHandshake createSession
INFO: Detected dialect: W3C
]]></system-err>
</testsuite>
